C:\Users\User\source\repos\EmployeeIssueTracker\EmployeeIssueTracker\wwwroot\clientapp\dist\shared\Util.js
C:\Users\User\source\repos\EmployeeIssueTracker\EmployeeIssueTracker\wwwroot\clientapp\dist\shared\Util.js.map
C:\Users\User\source\repos\EmployeeIssueTracker\EmployeeIssueTracker\wwwroot\clientapp\dist\dto\NavigationChild.js
C:\Users\User\source\repos\EmployeeIssueTracker\EmployeeIssueTracker\wwwroot\clientapp\dist\dto\NavigationChild.js.map
C:\Users\User\source\repos\EmployeeIssueTracker\EmployeeIssueTracker\wwwroot\clientapp\dist\dto\ParentMenu.js
C:\Users\User\source\repos\EmployeeIssueTracker\EmployeeIssueTracker\wwwroot\clientapp\dist\dto\ParentMenu.js.map
C:\Users\User\source\repos\EmployeeIssueTracker\EmployeeIssueTracker\wwwroot\clientapp\dist\dto\Role.js
C:\Users\User\source\repos\EmployeeIssueTracker\EmployeeIssueTracker\wwwroot\clientapp\dist\dto\Role.js.map
C:\Users\User\source\repos\EmployeeIssueTracker\EmployeeIssueTracker\wwwroot\clientapp\dist\services\RoleManagementService.js
C:\Users\User\source\repos\EmployeeIssueTracker\EmployeeIssueTracker\wwwroot\clientapp\dist\services\RoleManagementService.js.map
C:\Users\User\source\repos\EmployeeIssueTracker\EmployeeIssueTracker\wwwroot\clientapp\dist\dto\AllNavigationMenu.js
C:\Users\User\source\repos\EmployeeIssueTracker\EmployeeIssueTracker\wwwroot\clientapp\dist\dto\AllNavigationMenu.js.map
C:\Users\User\source\repos\EmployeeIssueTracker\EmployeeIssueTracker\wwwroot\clientapp\dist\app\components\navigationmenu\navigationmenu.component.js
C:\Users\User\source\repos\EmployeeIssueTracker\EmployeeIssueTracker\wwwroot\clientapp\dist\app\components\navigationmenu\navigationmenu.component.js.map
C:\Users\User\source\repos\EmployeeIssueTracker\EmployeeIssueTracker\wwwroot\clientapp\dist\services\AdminService.js
C:\Users\User\source\repos\EmployeeIssueTracker\EmployeeIssueTracker\wwwroot\clientapp\dist\services\AdminService.js.map
C:\Users\User\source\repos\EmployeeIssueTracker\EmployeeIssueTracker\wwwroot\clientapp\dist\app\app.component.js
C:\Users\User\source\repos\EmployeeIssueTracker\EmployeeIssueTracker\wwwroot\clientapp\dist\app\app.component.js.map
C:\Users\User\source\repos\EmployeeIssueTracker\EmployeeIssueTracker\wwwroot\clientapp\dist\app\components\menubar\menubar.component.js
C:\Users\User\source\repos\EmployeeIssueTracker\EmployeeIssueTracker\wwwroot\clientapp\dist\app\components\menubar\menubar.component.js.map
C:\Users\User\source\repos\EmployeeIssueTracker\EmployeeIssueTracker\wwwroot\clientapp\dist\app\components\login\login.component.js
C:\Users\User\source\repos\EmployeeIssueTracker\EmployeeIssueTracker\wwwroot\clientapp\dist\app\components\login\login.component.js.map
C:\Users\User\source\repos\EmployeeIssueTracker\EmployeeIssueTracker\wwwroot\clientapp\dist\app\components\initialscreen\initialscreen.component.js
C:\Users\User\source\repos\EmployeeIssueTracker\EmployeeIssueTracker\wwwroot\clientapp\dist\app\components\initialscreen\initialscreen.component.js.map
C:\Users\User\source\repos\EmployeeIssueTracker\EmployeeIssueTracker\wwwroot\clientapp\dist\dto\IssueItem.js
C:\Users\User\source\repos\EmployeeIssueTracker\EmployeeIssueTracker\wwwroot\clientapp\dist\dto\IssueItem.js.map
C:\Users\User\source\repos\EmployeeIssueTracker\EmployeeIssueTracker\wwwroot\clientapp\dist\dto\IssueItemsByIssueHeader.js
C:\Users\User\source\repos\EmployeeIssueTracker\EmployeeIssueTracker\wwwroot\clientapp\dist\dto\IssueItemsByIssueHeader.js.map
C:\Users\User\source\repos\EmployeeIssueTracker\EmployeeIssueTracker\wwwroot\clientapp\dist\services\IssueItemService.js
C:\Users\User\source\repos\EmployeeIssueTracker\EmployeeIssueTracker\wwwroot\clientapp\dist\services\IssueItemService.js.map
C:\Users\User\source\repos\EmployeeIssueTracker\EmployeeIssueTracker\wwwroot\clientapp\dist\dto\IssueHeader.js
C:\Users\User\source\repos\EmployeeIssueTracker\EmployeeIssueTracker\wwwroot\clientapp\dist\dto\IssueHeader.js.map
C:\Users\User\source\repos\EmployeeIssueTracker\EmployeeIssueTracker\wwwroot\clientapp\dist\services\IssueHeaderService.js
C:\Users\User\source\repos\EmployeeIssueTracker\EmployeeIssueTracker\wwwroot\clientapp\dist\services\IssueHeaderService.js.map
C:\Users\User\source\repos\EmployeeIssueTracker\EmployeeIssueTracker\wwwroot\clientapp\dist\dto\ManagementTeam.js
C:\Users\User\source\repos\EmployeeIssueTracker\EmployeeIssueTracker\wwwroot\clientapp\dist\dto\ManagementTeam.js.map
C:\Users\User\source\repos\EmployeeIssueTracker\EmployeeIssueTracker\wwwroot\clientapp\dist\services\ManagementTeamService.js
C:\Users\User\source\repos\EmployeeIssueTracker\EmployeeIssueTracker\wwwroot\clientapp\dist\services\ManagementTeamService.js.map
C:\Users\User\source\repos\EmployeeIssueTracker\EmployeeIssueTracker\wwwroot\clientapp\dist\dto\AssociateTeam.js
C:\Users\User\source\repos\EmployeeIssueTracker\EmployeeIssueTracker\wwwroot\clientapp\dist\dto\AssociateTeam.js.map
C:\Users\User\source\repos\EmployeeIssueTracker\EmployeeIssueTracker\wwwroot\clientapp\dist\services\AssociateTeamService.js
C:\Users\User\source\repos\EmployeeIssueTracker\EmployeeIssueTracker\wwwroot\clientapp\dist\services\AssociateTeamService.js.map
C:\Users\User\source\repos\EmployeeIssueTracker\EmployeeIssueTracker\wwwroot\clientapp\dist\dto\MeetingType.js
C:\Users\User\source\repos\EmployeeIssueTracker\EmployeeIssueTracker\wwwroot\clientapp\dist\dto\MeetingType.js.map
C:\Users\User\source\repos\EmployeeIssueTracker\EmployeeIssueTracker\wwwroot\clientapp\dist\services\MeetingTypeService.js
C:\Users\User\source\repos\EmployeeIssueTracker\EmployeeIssueTracker\wwwroot\clientapp\dist\services\MeetingTypeService.js.map
C:\Users\User\source\repos\EmployeeIssueTracker\EmployeeIssueTracker\wwwroot\clientapp\dist\dto\Functions.js
C:\Users\User\source\repos\EmployeeIssueTracker\EmployeeIssueTracker\wwwroot\clientapp\dist\dto\Functions.js.map
C:\Users\User\source\repos\EmployeeIssueTracker\EmployeeIssueTracker\wwwroot\clientapp\dist\services\FunctionsService.js
C:\Users\User\source\repos\EmployeeIssueTracker\EmployeeIssueTracker\wwwroot\clientapp\dist\services\FunctionsService.js.map
C:\Users\User\source\repos\EmployeeIssueTracker\EmployeeIssueTracker\wwwroot\clientapp\dist\dto\Category.js
C:\Users\User\source\repos\EmployeeIssueTracker\EmployeeIssueTracker\wwwroot\clientapp\dist\dto\Category.js.map
C:\Users\User\source\repos\EmployeeIssueTracker\EmployeeIssueTracker\wwwroot\clientapp\dist\services\CategoryService.js
C:\Users\User\source\repos\EmployeeIssueTracker\EmployeeIssueTracker\wwwroot\clientapp\dist\services\CategoryService.js.map
C:\Users\User\source\repos\EmployeeIssueTracker\EmployeeIssueTracker\wwwroot\clientapp\dist\app\components\lodgingnewissue\lodgingnewissue.component.js
C:\Users\User\source\repos\EmployeeIssueTracker\EmployeeIssueTracker\wwwroot\clientapp\dist\app\components\lodgingnewissue\lodgingnewissue.component.js.map
C:\Users\User\source\repos\EmployeeIssueTracker\EmployeeIssueTracker\wwwroot\clientapp\dist\app\components\viewpreviousissue\viewpreviousissue.component.js
C:\Users\User\source\repos\EmployeeIssueTracker\EmployeeIssueTracker\wwwroot\clientapp\dist\app\components\viewpreviousissue\viewpreviousissue.component.js.map
C:\Users\User\source\repos\EmployeeIssueTracker\EmployeeIssueTracker\wwwroot\clientapp\dist\app\components\viewtofunctionalhead\viewtofunctionalhead.component.js
C:\Users\User\source\repos\EmployeeIssueTracker\EmployeeIssueTracker\wwwroot\clientapp\dist\app\components\viewtofunctionalhead\viewtofunctionalhead.component.js.map
C:\Users\User\source\repos\EmployeeIssueTracker\EmployeeIssueTracker\wwwroot\clientapp\dist\app\components\viewtocategoryhead\viewtocategoryhead.component.js
C:\Users\User\source\repos\EmployeeIssueTracker\EmployeeIssueTracker\wwwroot\clientapp\dist\app\components\viewtocategoryhead\viewtocategoryhead.component.js.map
C:\Users\User\source\repos\EmployeeIssueTracker\EmployeeIssueTracker\wwwroot\clientapp\dist\app\components\overallstatus\overallstatus.component.js
C:\Users\User\source\repos\EmployeeIssueTracker\EmployeeIssueTracker\wwwroot\clientapp\dist\app\components\overallstatus\overallstatus.component.js.map
C:\Users\User\source\repos\EmployeeIssueTracker\EmployeeIssueTracker\wwwroot\clientapp\dist\app\components\pendingissue\pendingissue.component.js
C:\Users\User\source\repos\EmployeeIssueTracker\EmployeeIssueTracker\wwwroot\clientapp\dist\app\components\pendingissue\pendingissue.component.js.map
C:\Users\User\source\repos\EmployeeIssueTracker\EmployeeIssueTracker\wwwroot\clientapp\dist\app\components\po\po.component.js
C:\Users\User\source\repos\EmployeeIssueTracker\EmployeeIssueTracker\wwwroot\clientapp\dist\app\components\po\po.component.js.map
C:\Users\User\source\repos\EmployeeIssueTracker\EmployeeIssueTracker\wwwroot\clientapp\dist\app\components\rolemanagement\rolemanagement.component.js
C:\Users\User\source\repos\EmployeeIssueTracker\EmployeeIssueTracker\wwwroot\clientapp\dist\app\components\rolemanagement\rolemanagement.component.js.map
C:\Users\User\source\repos\EmployeeIssueTracker\EmployeeIssueTracker\wwwroot\clientapp\dist\dto\Plant.js
C:\Users\User\source\repos\EmployeeIssueTracker\EmployeeIssueTracker\wwwroot\clientapp\dist\dto\Plant.js.map
C:\Users\User\source\repos\EmployeeIssueTracker\EmployeeIssueTracker\wwwroot\clientapp\dist\services\PlantService.js
C:\Users\User\source\repos\EmployeeIssueTracker\EmployeeIssueTracker\wwwroot\clientapp\dist\services\PlantService.js.map
C:\Users\User\source\repos\EmployeeIssueTracker\EmployeeIssueTracker\wwwroot\clientapp\dist\dto\UserManagement.js
C:\Users\User\source\repos\EmployeeIssueTracker\EmployeeIssueTracker\wwwroot\clientapp\dist\dto\UserManagement.js.map
C:\Users\User\source\repos\EmployeeIssueTracker\EmployeeIssueTracker\wwwroot\clientapp\dist\services\UserManagementService.js
C:\Users\User\source\repos\EmployeeIssueTracker\EmployeeIssueTracker\wwwroot\clientapp\dist\services\UserManagementService.js.map
C:\Users\User\source\repos\EmployeeIssueTracker\EmployeeIssueTracker\wwwroot\clientapp\dist\services\OtherManagementService.js
C:\Users\User\source\repos\EmployeeIssueTracker\EmployeeIssueTracker\wwwroot\clientapp\dist\services\OtherManagementService.js.map
C:\Users\User\source\repos\EmployeeIssueTracker\EmployeeIssueTracker\wwwroot\clientapp\dist\app\components\usermanagement\usermanagement.component.js
C:\Users\User\source\repos\EmployeeIssueTracker\EmployeeIssueTracker\wwwroot\clientapp\dist\app\components\usermanagement\usermanagement.component.js.map
C:\Users\User\source\repos\EmployeeIssueTracker\EmployeeIssueTracker\wwwroot\clientapp\dist\app\components\othermanagement\othermanagement.component.js
C:\Users\User\source\repos\EmployeeIssueTracker\EmployeeIssueTracker\wwwroot\clientapp\dist\app\components\othermanagement\othermanagement.component.js.map
C:\Users\User\source\repos\EmployeeIssueTracker\EmployeeIssueTracker\wwwroot\clientapp\dist\shared\auth.guard.js
C:\Users\User\source\repos\EmployeeIssueTracker\EmployeeIssueTracker\wwwroot\clientapp\dist\shared\auth.guard.js.map
C:\Users\User\source\repos\EmployeeIssueTracker\EmployeeIssueTracker\wwwroot\clientapp\dist\app\components\assessors\assessors.component.js
C:\Users\User\source\repos\EmployeeIssueTracker\EmployeeIssueTracker\wwwroot\clientapp\dist\app\components\assessors\assessors.component.js.map
C:\Users\User\source\repos\EmployeeIssueTracker\EmployeeIssueTracker\wwwroot\clientapp\dist\app\components\afterrepair\afterrepair.component.js
C:\Users\User\source\repos\EmployeeIssueTracker\EmployeeIssueTracker\wwwroot\clientapp\dist\app\components\afterrepair\afterrepair.component.js.map
C:\Users\User\source\repos\EmployeeIssueTracker\EmployeeIssueTracker\wwwroot\clientapp\dist\app\components\motortakafuloutside\motortakafuloutside.component.js
C:\Users\User\source\repos\EmployeeIssueTracker\EmployeeIssueTracker\wwwroot\clientapp\dist\app\components\motortakafuloutside\motortakafuloutside.component.js.map
C:\Users\User\source\repos\EmployeeIssueTracker\EmployeeIssueTracker\wwwroot\clientapp\dist\app\components\motorclaimform\motorclaimform.component.js
C:\Users\User\source\repos\EmployeeIssueTracker\EmployeeIssueTracker\wwwroot\clientapp\dist\app\components\motorclaimform\motorclaimform.component.js.map
C:\Users\User\source\repos\EmployeeIssueTracker\EmployeeIssueTracker\wwwroot\clientapp\dist\app\components\investigatorassignment\investigatorassignment.component.js
C:\Users\User\source\repos\EmployeeIssueTracker\EmployeeIssueTracker\wwwroot\clientapp\dist\app\components\investigatorassignment\investigatorassignment.component.js.map
C:\Users\User\source\repos\EmployeeIssueTracker\EmployeeIssueTracker\wwwroot\clientapp\dist\app\components\worksheet\worksheet.component.js
C:\Users\User\source\repos\EmployeeIssueTracker\EmployeeIssueTracker\wwwroot\clientapp\dist\app\components\worksheet\worksheet.component.js.map
C:\Users\User\source\repos\EmployeeIssueTracker\EmployeeIssueTracker\wwwroot\clientapp\dist\app\components\satisfactionvoucher\satisfactionvoucher.component.js
C:\Users\User\source\repos\EmployeeIssueTracker\EmployeeIssueTracker\wwwroot\clientapp\dist\app\components\satisfactionvoucher\satisfactionvoucher.component.js.map
C:\Users\User\source\repos\EmployeeIssueTracker\EmployeeIssueTracker\wwwroot\clientapp\dist\app\components\finalreminder\finalreminder.component.js
C:\Users\User\source\repos\EmployeeIssueTracker\EmployeeIssueTracker\wwwroot\clientapp\dist\app\components\finalreminder\finalreminder.component.js.map
C:\Users\User\source\repos\EmployeeIssueTracker\EmployeeIssueTracker\wwwroot\clientapp\dist\shared\conformEqualValidator.directive.js
C:\Users\User\source\repos\EmployeeIssueTracker\EmployeeIssueTracker\wwwroot\clientapp\dist\shared\conformEqualValidator.directive.js.map
C:\Users\User\source\repos\EmployeeIssueTracker\EmployeeIssueTracker\wwwroot\clientapp\dist\app\app.module.js
C:\Users\User\source\repos\EmployeeIssueTracker\EmployeeIssueTracker\wwwroot\clientapp\dist\app\app.module.js.map
C:\Users\User\source\repos\EmployeeIssueTracker\EmployeeIssueTracker\wwwroot\clientapp\dist\environments\environment.js
C:\Users\User\source\repos\EmployeeIssueTracker\EmployeeIssueTracker\wwwroot\clientapp\dist\environments\environment.js.map
C:\Users\User\source\repos\EmployeeIssueTracker\EmployeeIssueTracker\wwwroot\clientapp\dist\main.js
C:\Users\User\source\repos\EmployeeIssueTracker\EmployeeIssueTracker\wwwroot\clientapp\dist\main.js.map
C:\Users\User\source\repos\EmployeeIssueTracker\EmployeeIssueTracker\wwwroot\clientapp\dist\polyfills.js
C:\Users\User\source\repos\EmployeeIssueTracker\EmployeeIssueTracker\wwwroot\clientapp\dist\polyfills.js.map
C:\Users\User\source\repos\EmployeeIssueTracker\EmployeeIssueTracker\wwwroot\clientapp\dist\dto\NavigationParent.js
C:\Users\User\source\repos\EmployeeIssueTracker\EmployeeIssueTracker\wwwroot\clientapp\dist\dto\NavigationParent.js.map
C:\Users\User\source\repos\EmployeeIssueTracker\EmployeeIssueTracker\wwwroot\clientapp\dist\environments\environment.prod.js
C:\Users\User\source\repos\EmployeeIssueTracker\EmployeeIssueTracker\wwwroot\clientapp\dist\environments\environment.prod.js.map
