G:\Practical Exam 02\PracticalApp\PracticalApp\wwwroot\clientapp\dist\shared\Util.js
G:\Practical Exam 02\PracticalApp\PracticalApp\wwwroot\clientapp\dist\shared\Util.js.map
G:\Practical Exam 02\PracticalApp\PracticalApp\wwwroot\clientapp\dist\app\app.component.js
G:\Practical Exam 02\PracticalApp\PracticalApp\wwwroot\clientapp\dist\app\app.component.js.map
G:\Practical Exam 02\PracticalApp\PracticalApp\wwwroot\clientapp\dist\services\AdminService.js
G:\Practical Exam 02\PracticalApp\PracticalApp\wwwroot\clientapp\dist\services\AdminService.js.map
G:\Practical Exam 02\PracticalApp\PracticalApp\wwwroot\clientapp\dist\app\components\menubar\menubar.component.js
G:\Practical Exam 02\PracticalApp\PracticalApp\wwwroot\clientapp\dist\app\components\menubar\menubar.component.js.map
G:\Practical Exam 02\PracticalApp\PracticalApp\wwwroot\clientapp\dist\app\components\navigationmenu\navigationmenu.component.js
G:\Practical Exam 02\PracticalApp\PracticalApp\wwwroot\clientapp\dist\app\components\navigationmenu\navigationmenu.component.js.map
G:\Practical Exam 02\PracticalApp\PracticalApp\wwwroot\clientapp\dist\shared\auth.guard.js
G:\Practical Exam 02\PracticalApp\PracticalApp\wwwroot\clientapp\dist\shared\auth.guard.js.map
G:\Practical Exam 02\PracticalApp\PracticalApp\wwwroot\clientapp\dist\shared\conformEqualValidator.directive.js
G:\Practical Exam 02\PracticalApp\PracticalApp\wwwroot\clientapp\dist\shared\conformEqualValidator.directive.js.map
G:\Practical Exam 02\PracticalApp\PracticalApp\wwwroot\clientapp\dist\app\components\login\login.component.js
G:\Practical Exam 02\PracticalApp\PracticalApp\wwwroot\clientapp\dist\app\components\login\login.component.js.map
G:\Practical Exam 02\PracticalApp\PracticalApp\wwwroot\clientapp\dist\dto\SalesItem.js
G:\Practical Exam 02\PracticalApp\PracticalApp\wwwroot\clientapp\dist\dto\SalesItem.js.map
G:\Practical Exam 02\PracticalApp\PracticalApp\wwwroot\clientapp\dist\services\SalesItemService.js
G:\Practical Exam 02\PracticalApp\PracticalApp\wwwroot\clientapp\dist\services\SalesItemService.js.map
G:\Practical Exam 02\PracticalApp\PracticalApp\wwwroot\clientapp\dist\app\components\salesitem\salesitem.component.js
G:\Practical Exam 02\PracticalApp\PracticalApp\wwwroot\clientapp\dist\app\components\salesitem\salesitem.component.js.map
G:\Practical Exam 02\PracticalApp\PracticalApp\wwwroot\clientapp\dist\app\app.module.js
G:\Practical Exam 02\PracticalApp\PracticalApp\wwwroot\clientapp\dist\app\app.module.js.map
G:\Practical Exam 02\PracticalApp\PracticalApp\wwwroot\clientapp\dist\environments\environment.js
G:\Practical Exam 02\PracticalApp\PracticalApp\wwwroot\clientapp\dist\environments\environment.js.map
G:\Practical Exam 02\PracticalApp\PracticalApp\wwwroot\clientapp\dist\main.js
G:\Practical Exam 02\PracticalApp\PracticalApp\wwwroot\clientapp\dist\main.js.map
G:\Practical Exam 02\PracticalApp\PracticalApp\wwwroot\clientapp\dist\polyfills.js
G:\Practical Exam 02\PracticalApp\PracticalApp\wwwroot\clientapp\dist\polyfills.js.map
G:\Practical Exam 02\PracticalApp\PracticalApp\wwwroot\clientapp\dist\environments\environment.prod.js
G:\Practical Exam 02\PracticalApp\PracticalApp\wwwroot\clientapp\dist\environments\environment.prod.js.map
