G:\PracticalExam\EmployeeIssueTracker\EmployeeIssueTracker\wwwroot\clientapp\dist\shared\Util.js
G:\PracticalExam\EmployeeIssueTracker\EmployeeIssueTracker\wwwroot\clientapp\dist\shared\Util.js.map
G:\PracticalExam\EmployeeIssueTracker\EmployeeIssueTracker\wwwroot\clientapp\dist\app\app.component.js
G:\PracticalExam\EmployeeIssueTracker\EmployeeIssueTracker\wwwroot\clientapp\dist\app\app.component.js.map
G:\PracticalExam\EmployeeIssueTracker\EmployeeIssueTracker\wwwroot\clientapp\dist\services\AdminService.js
G:\PracticalExam\EmployeeIssueTracker\EmployeeIssueTracker\wwwroot\clientapp\dist\services\AdminService.js.map
G:\PracticalExam\EmployeeIssueTracker\EmployeeIssueTracker\wwwroot\clientapp\dist\app\components\menubar\menubar.component.js
G:\PracticalExam\EmployeeIssueTracker\EmployeeIssueTracker\wwwroot\clientapp\dist\app\components\menubar\menubar.component.js.map
G:\PracticalExam\EmployeeIssueTracker\EmployeeIssueTracker\wwwroot\clientapp\dist\app\components\login\login.component.js
G:\PracticalExam\EmployeeIssueTracker\EmployeeIssueTracker\wwwroot\clientapp\dist\app\components\login\login.component.js.map
G:\PracticalExam\EmployeeIssueTracker\EmployeeIssueTracker\wwwroot\clientapp\dist\app\components\navigationmenu\navigationmenu.component.js
G:\PracticalExam\EmployeeIssueTracker\EmployeeIssueTracker\wwwroot\clientapp\dist\app\components\navigationmenu\navigationmenu.component.js.map
G:\PracticalExam\EmployeeIssueTracker\EmployeeIssueTracker\wwwroot\clientapp\dist\shared\auth.guard.js
G:\PracticalExam\EmployeeIssueTracker\EmployeeIssueTracker\wwwroot\clientapp\dist\shared\auth.guard.js.map
G:\PracticalExam\EmployeeIssueTracker\EmployeeIssueTracker\wwwroot\clientapp\dist\shared\conformEqualValidator.directive.js
G:\PracticalExam\EmployeeIssueTracker\EmployeeIssueTracker\wwwroot\clientapp\dist\shared\conformEqualValidator.directive.js.map
G:\PracticalExam\EmployeeIssueTracker\EmployeeIssueTracker\wwwroot\clientapp\dist\app\app.module.js
G:\PracticalExam\EmployeeIssueTracker\EmployeeIssueTracker\wwwroot\clientapp\dist\app\app.module.js.map
G:\PracticalExam\EmployeeIssueTracker\EmployeeIssueTracker\wwwroot\clientapp\dist\environments\environment.js
G:\PracticalExam\EmployeeIssueTracker\EmployeeIssueTracker\wwwroot\clientapp\dist\environments\environment.js.map
G:\PracticalExam\EmployeeIssueTracker\EmployeeIssueTracker\wwwroot\clientapp\dist\main.js
G:\PracticalExam\EmployeeIssueTracker\EmployeeIssueTracker\wwwroot\clientapp\dist\main.js.map
G:\PracticalExam\EmployeeIssueTracker\EmployeeIssueTracker\wwwroot\clientapp\dist\polyfills.js
G:\PracticalExam\EmployeeIssueTracker\EmployeeIssueTracker\wwwroot\clientapp\dist\polyfills.js.map
G:\PracticalExam\EmployeeIssueTracker\EmployeeIssueTracker\wwwroot\clientapp\dist\environments\environment.prod.js
G:\PracticalExam\EmployeeIssueTracker\EmployeeIssueTracker\wwwroot\clientapp\dist\environments\environment.prod.js.map
